<?xml version="1.0" encoding="UTF-8"?>
<testsuite name="treendgraph.StrAndArrayTest" tests="1" skipped="0" failures="0" errors="0" timestamp="2021-02-24T04:22:14" hostname="OgheneoagasiMac.attlocal.net" time="0.013">
  <properties/>
  <testcase name="reverseStr()" classname="treendgraph.StrAndArrayTest" time="0.013"/>
  <system-out><![CDATA[]]></system-out>
  <system-err><![CDATA[]]></system-err>
</testsuite>
